#! /usr/bin/vvp
:ivl_version "10.3 (stable)";
:ivl_delay_selection "TYPICAL";
:vpi_time_precision + 0;
:vpi_module "system";
:vpi_module "vhdl_sys";
:vpi_module "v2005_math";
:vpi_module "va_math";
S_0x559af706ec30 .scope module, "top" "top" 2 2;
 .timescale 0 0;
v0x559af707ff20_0 .var "a", 31 0;
v0x559af7080000_0 .var "b", 31 0;
v0x559af70800d0_0 .net "out", 31 0, v0x559af707fca0_0;  1 drivers
v0x559af70801d0_0 .var "sel", 2 0;
S_0x559af706edb0 .scope module, "u1" "logic_u" 2 8, 3 1 0, S_0x559af706ec30;
 .timescale 0 0;
    .port_info 0 /INPUT 32 "a"
    .port_info 1 /INPUT 32 "b"
    .port_info 2 /INPUT 3 "select"
    .port_info 3 /OUTPUT 32 "out"
v0x559af7037100_0 .net "a", 31 0, v0x559af707ff20_0;  1 drivers
v0x559af707fbc0_0 .net "b", 31 0, v0x559af7080000_0;  1 drivers
v0x559af707fca0_0 .var "out", 31 0;
v0x559af707fd90_0 .net "select", 2 0, v0x559af70801d0_0;  1 drivers
E_0x559af7037af0 .event edge, v0x559af707fd90_0, v0x559af7037100_0, v0x559af707fbc0_0;
    .scope S_0x559af706edb0;
T_0 ;
    %wait E_0x559af7037af0;
    %load/vec4 v0x559af707fd90_0;
    %dup/vec4;
    %pushi/vec4 0, 0, 3;
    %cmp/u;
    %jmp/1 T_0.0, 6;
    %dup/vec4;
    %pushi/vec4 1, 0, 3;
    %cmp/u;
    %jmp/1 T_0.1, 6;
    %dup/vec4;
    %pushi/vec4 2, 0, 3;
    %cmp/u;
    %jmp/1 T_0.2, 6;
    %dup/vec4;
    %pushi/vec4 3, 0, 3;
    %cmp/u;
    %jmp/1 T_0.3, 6;
    %dup/vec4;
    %pushi/vec4 4, 0, 3;
    %cmp/u;
    %jmp/1 T_0.4, 6;
    %dup/vec4;
    %pushi/vec4 5, 0, 3;
    %cmp/u;
    %jmp/1 T_0.5, 6;
    %dup/vec4;
    %pushi/vec4 6, 0, 3;
    %cmp/u;
    %jmp/1 T_0.6, 6;
    %jmp T_0.7;
T_0.0 ;
    %load/vec4 v0x559af7037100_0;
    %load/vec4 v0x559af707fbc0_0;
    %and;
    %store/vec4 v0x559af707fca0_0, 0, 32;
    %jmp T_0.7;
T_0.1 ;
    %load/vec4 v0x559af7037100_0;
    %load/vec4 v0x559af707fbc0_0;
    %or;
    %store/vec4 v0x559af707fca0_0, 0, 32;
    %jmp T_0.7;
T_0.2 ;
    %load/vec4 v0x559af7037100_0;
    %inv;
    %load/vec4 v0x559af707fbc0_0;
    %inv;
    %and;
    %store/vec4 v0x559af707fca0_0, 0, 32;
    %jmp T_0.7;
T_0.3 ;
    %load/vec4 v0x559af7037100_0;
    %inv;
    %load/vec4 v0x559af707fbc0_0;
    %inv;
    %or;
    %store/vec4 v0x559af707fca0_0, 0, 32;
    %jmp T_0.7;
T_0.4 ;
    %load/vec4 v0x559af7037100_0;
    %load/vec4 v0x559af707fbc0_0;
    %xor;
    %store/vec4 v0x559af707fca0_0, 0, 32;
    %jmp T_0.7;
T_0.5 ;
    %load/vec4 v0x559af7037100_0;
    %load/vec4 v0x559af707fbc0_0;
    %xor;
    %inv;
    %store/vec4 v0x559af707fca0_0, 0, 32;
    %jmp T_0.7;
T_0.6 ;
    %load/vec4 v0x559af7037100_0;
    %inv;
    %store/vec4 v0x559af707fca0_0, 0, 32;
    %jmp T_0.7;
T_0.7 ;
    %pop/vec4 1;
    %jmp T_0;
    .thread T_0, $push;
    .scope S_0x559af706ec30;
T_1 ;
    %pushi/vec4 4, 0, 3;
    %store/vec4 v0x559af70801d0_0, 0, 3;
    %pushi/vec4 1, 0, 32;
    %store/vec4 v0x559af707ff20_0, 0, 32;
    %pushi/vec4 98, 0, 32;
    %store/vec4 v0x559af7080000_0, 0, 32;
    %end;
    .thread T_1;
    .scope S_0x559af706ec30;
T_2 ;
    %vpi_call 2 17 "$monitor", $time, "\011 %d \012", v0x559af70800d0_0 {0 0 0};
    %end;
    .thread T_2;
# The file index is used to find the file name in the following table.
:file_names 4;
    "N/A";
    "<interactive>";
    "Logic_Unit_tb.v";
    "./Logic_Unit.v";
